===========================
Test for 4-print_square.py
===========================

Import the function:
    >>> print_square = __import__('4-print_square').print_square

===========================
Test Cases: Normal Usage
===========================

Test with size 4:
    >>> print_square(4)
    ####
    ####
    ####
    ####

Test with size 10:
    >>> print_square(10)
    ##########
    ##########
    ##########
    ##########
    ##########
    ##########
    ##########
    ##########
    ##########
    ##########

Test with size 0 (prints nothing):
    >>> print_square(0)

Test with size 1:
    >>> print_square(1)
    #

Test with size 2:
    >>> print_square(2)
    ##
    ##

Test with size 3:
    >>> print_square(3)
    ###
    ###
    ###

Test with size 5:
    >>> print_square(5)
    #####
    #####
    #####
    #####
    #####

Test with larger size:
    >>> print_square(7)
    #######
    #######
    #######
    #######
    #######
    #######
    #######

===========================
Test Cases: Type Errors
===========================

Test with string:
    >>> print_square("4")
    Traceback (most recent call last):
    ...
    TypeError: size must be an integer

Test with None:
    >>> print_square(None)
    Traceback (most recent call last):
    ...
    TypeError: size must be an integer

Test with list:
    >>> print_square([4])
    Traceback (most recent call last):
    ...
    TypeError: size must be an integer

Test with tuple:
    >>> print_square((4,))
    Traceback (most recent call last):
    ...
    TypeError: size must be an integer

Test with dict:
    >>> print_square({"size": 4})
    Traceback (most recent call last):
    ...
    TypeError: size must be an integer

Test with set:
    >>> print_square({4})
    Traceback (most recent call last):
    ...
    TypeError: size must be an integer

===========================
Test Cases: Float (Type Error)
===========================

Test with positive float:
    >>> print_square(4.5)
    Traceback (most recent call last):
    ...
    TypeError: size must be an integer

Test with negative float (TypeError, not ValueError):
    >>> print_square(-4.5)
    Traceback (most recent call last):
    ...
    TypeError: size must be an integer

Test with float 0.0:
    >>> print_square(0.0)
    Traceback (most recent call last):
    ...
    TypeError: size must be an integer

Test with float 1.0:
    >>> print_square(1.0)
    Traceback (most recent call last):
    ...
    TypeError: size must be an integer

Test with very small float:
    >>> print_square(0.1)
    Traceback (most recent call last):
    ...
    TypeError: size must be an integer

Test with infinity:
    >>> print_square(float('inf'))
    Traceback (most recent call last):
    ...
    TypeError: size must be an integer

===========================
Test Cases: Value Errors
===========================

Test with negative integer:
    >>> print_square(-1)
    Traceback (most recent call last):
    ...
    ValueError: size must be >= 0

Test with negative integer -5:
    >>> print_square(-5)
    Traceback (most recent call last):
    ...
    ValueError: size must be >= 0

Test with large negative:
    >>> print_square(-100)
    Traceback (most recent call last):
    ...
    ValueError: size must be >= 0

===========================
Test Cases: Missing Arguments
===========================

Test with no arguments:
    >>> print_square()
    Traceback (most recent call last):
    ...
    TypeError: print_square() missing 1 required positional argument: 'size'

===========================
Test Cases: Edge Cases
===========================

Test with very large size (15):
    >>> print_square(15)
    ###############
    ###############
    ###############
    ###############
    ###############
    ###############
    ###############
    ###############
    ###############
    ###############
    ###############
    ###############
    ###############
    ###############
    ###############